  Stage1.cpp
C:\Users\rladb\Desktop\포폴\WinAPIPortfolio\WinAPIPortfolio\WinAPIPortfolio\Stage1.cpp(50,32): warning C4244: '=': 'float'에서 'int'(으)로 변환하면서 데이터가 손실될 수 있습니다.
C:\Users\rladb\Desktop\포폴\WinAPIPortfolio\WinAPIPortfolio\WinAPIPortfolio\Stage1.cpp(51,32): warning C4244: '=': 'float'에서 'int'(으)로 변환하면서 데이터가 손실될 수 있습니다.
C:\Users\rladb\Desktop\포폴\WinAPIPortfolio\WinAPIPortfolio\WinAPIPortfolio\Stage1.cpp(56,36): warning C4244: '=': 'float'에서 'int'(으)로 변환하면서 데이터가 손실될 수 있습니다.
C:\Users\rladb\Desktop\포폴\WinAPIPortfolio\WinAPIPortfolio\WinAPIPortfolio\Stage1.cpp(57,36): warning C4244: '=': 'float'에서 'int'(으)로 변환하면서 데이터가 손실될 수 있습니다.
C:\Users\rladb\Desktop\포폴\WinAPIPortfolio\WinAPIPortfolio\WinAPIPortfolio\Stage1.cpp(262,47): warning C4244: '인수': 'float'에서 'int'(으)로 변환하면서 데이터가 손실될 수 있습니다.
C:\Users\rladb\Desktop\포폴\WinAPIPortfolio\WinAPIPortfolio\WinAPIPortfolio\Stage1.cpp(352,22): warning C4244: '-=': 'float'에서 'int'(으)로 변환하면서 데이터가 손실될 수 있습니다.
C:\Users\rladb\Desktop\포폴\WinAPIPortfolio\WinAPIPortfolio\WinAPIPortfolio\Stage1.cpp(357,57): warning C4244: '-=': 'float'에서 'LONG'(으)로 변환하면서 데이터가 손실될 수 있습니다.
C:\Users\rladb\Desktop\포폴\WinAPIPortfolio\WinAPIPortfolio\WinAPIPortfolio\Stage1.cpp(358,60): warning C4244: '-=': 'float'에서 'LONG'(으)로 변환하면서 데이터가 손실될 수 있습니다.
C:\Users\rladb\Desktop\포폴\WinAPIPortfolio\WinAPIPortfolio\WinAPIPortfolio\Stage1.cpp(377,37): warning C4244: '=': 'double'에서 'int'(으)로 변환하면서 데이터가 손실될 수 있습니다.
C:\Users\rladb\Desktop\포폴\WinAPIPortfolio\WinAPIPortfolio\WinAPIPortfolio\Stage1.cpp(378,36): warning C4244: '=': 'double'에서 'int'(으)로 변환하면서 데이터가 손실될 수 있습니다.
C:\Users\rladb\Desktop\포폴\WinAPIPortfolio\WinAPIPortfolio\WinAPIPortfolio\Stage1.cpp(396,26): warning C4244: '*=': 'double'에서 'int'(으)로 변환하면서 데이터가 손실될 수 있습니다.
C:\Users\rladb\Desktop\포폴\WinAPIPortfolio\WinAPIPortfolio\WinAPIPortfolio\Stage1.cpp(397,27): warning C4244: '*=': 'float'에서 'int'(으)로 변환하면서 데이터가 손실될 수 있습니다.
C:\Users\rladb\Desktop\포폴\WinAPIPortfolio\WinAPIPortfolio\WinAPIPortfolio\Stage1.cpp(739,21): warning C4018: '<': signed 또는 unsigned가 일치하지 않습니다.
C:\Users\rladb\Desktop\포폴\WinAPIPortfolio\WinAPIPortfolio\WinAPIPortfolio\Stage1.cpp(744,21): warning C4018: '<': signed 또는 unsigned가 일치하지 않습니다.
C:\Users\rladb\Desktop\포폴\WinAPIPortfolio\WinAPIPortfolio\WinAPIPortfolio\Stage1.cpp(771,21): warning C4018: '<': signed 또는 unsigned가 일치하지 않습니다.
C:\Users\rladb\Desktop\포폴\WinAPIPortfolio\WinAPIPortfolio\WinAPIPortfolio\Stage1.cpp(1022,21): warning C4018: '<': signed 또는 unsigned가 일치하지 않습니다.
C:\Users\rladb\Desktop\포폴\WinAPIPortfolio\WinAPIPortfolio\WinAPIPortfolio\Stage1.cpp(1062,21): warning C4018: '<': signed 또는 unsigned가 일치하지 않습니다.
C:\Users\rladb\Desktop\포폴\WinAPIPortfolio\WinAPIPortfolio\WinAPIPortfolio\Stage1.cpp(1067,21): warning C4018: '<': signed 또는 unsigned가 일치하지 않습니다.
C:\Users\rladb\Desktop\포폴\WinAPIPortfolio\WinAPIPortfolio\WinAPIPortfolio\Stage1.cpp(1241,23): warning C4018: '<': signed 또는 unsigned가 일치하지 않습니다.
C:\Users\rladb\Desktop\포폴\WinAPIPortfolio\WinAPIPortfolio\WinAPIPortfolio\Stage1.cpp(1254,23): warning C4018: '<': signed 또는 unsigned가 일치하지 않습니다.
C:\Users\rladb\Desktop\포폴\WinAPIPortfolio\WinAPIPortfolio\WinAPIPortfolio\Stage1.cpp(1281,23): warning C4018: '<': signed 또는 unsigned가 일치하지 않습니다.
C:\Users\rladb\Desktop\포폴\WinAPIPortfolio\WinAPIPortfolio\WinAPIPortfolio\Stage1.cpp(1293,23): warning C4018: '<': signed 또는 unsigned가 일치하지 않습니다.
C:\Users\rladb\Desktop\포폴\WinAPIPortfolio\WinAPIPortfolio\WinAPIPortfolio\Stage1.cpp(1321,22): warning C4018: '<': signed 또는 unsigned가 일치하지 않습니다.
C:\Users\rladb\Desktop\포폴\WinAPIPortfolio\WinAPIPortfolio\WinAPIPortfolio\Stage1.cpp(1333,22): warning C4018: '<': signed 또는 unsigned가 일치하지 않습니다.
C:\Users\rladb\Desktop\포폴\WinAPIPortfolio\WinAPIPortfolio\WinAPIPortfolio\Stage1.cpp(1358,22): warning C4018: '<': signed 또는 unsigned가 일치하지 않습니다.
C:\Users\rladb\Desktop\포폴\WinAPIPortfolio\WinAPIPortfolio\WinAPIPortfolio\Stage1.cpp(1370,22): warning C4018: '<': signed 또는 unsigned가 일치하지 않습니다.
  WinAPIPortfolio.vcxproj -> C:\Users\rladb\Desktop\포폴\WinAPIPortfolio\WinAPIPortfolio\Debug\WinAPIPortfolio.exe
